\BOOKMARK [0][-]{chapter*.2}{Acknowledgements}{}% 1
\BOOKMARK [0][-]{chapter*.3}{Abstract}{}% 2
\BOOKMARK [0][-]{chapter*.5}{Notation and terminology}{}% 3
\BOOKMARK [0][-]{chapter.1}{Introduction}{}% 4
\BOOKMARK [1][-]{section.1.1}{Plasma Science}{chapter.1}% 5
\BOOKMARK [2][-]{subsection.1.1.1}{I'm a Mathematician... what is ``plasma''?}{section.1.1}% 6
\BOOKMARK [2][-]{subsection.1.1.2}{Fusion Reactor Design 101}{section.1.1}% 7
\BOOKMARK [1][-]{section.1.2}{What problem does this thesis address?}{chapter.1}% 8
\BOOKMARK [1][-]{section.1.3}{Project Progression}{chapter.1}% 9
\BOOKMARK [0][-]{chapter.2}{Background}{}% 10
\BOOKMARK [1][-]{section.2.1}{Magnetohydrodynamics}{chapter.2}% 11
\BOOKMARK [2][-]{subsection.2.1.1}{MHD Theory}{section.2.1}% 12
\BOOKMARK [1][-]{section.2.2}{Grad-Shafranov Equation}{chapter.2}% 13
\BOOKMARK [2][-]{subsection.2.2.1}{Derivation}{section.2.2}% 14
\BOOKMARK [1][-]{section.2.3}{AC Configuration Tokamaks}{chapter.2}% 15
\BOOKMARK [2][-]{subsection.2.3.1}{Physical Differences}{section.2.3}% 16
\BOOKMARK [2][-]{subsection.2.3.2}{Why Bother?}{section.2.3}% 17
\BOOKMARK [2][-]{subsection.2.3.3}{Runaway Electrons}{section.2.3}% 18
\BOOKMARK [0][-]{chapter.3}{Current Reversal Theory}{}% 19
\BOOKMARK [1][-]{section.3.1}{Perturbation Methods}{chapter.3}% 20
\BOOKMARK [2][-]{subsection.3.1.1}{What is a Perturbation Treatment?}{section.3.1}% 21
\BOOKMARK [2][-]{subsection.3.1.2}{Regular Perturbation Theory}{section.3.1}% 22
\BOOKMARK [2][-]{subsection.3.1.3}{Ideal MHD Perturbation}{section.3.1}% 23
\BOOKMARK [1][-]{section.3.2}{Grad-Shafranov-Helmholtz Equation}{chapter.3}% 24
\BOOKMARK [2][-]{subsection.3.2.1}{Helmholtz Equations}{section.3.2}% 25
\BOOKMARK [2][-]{subsection.3.2.2}{GSH Equation}{section.3.2}% 26
\BOOKMARK [2][-]{subsection.3.2.3}{Analytic Solution and Derivation}{section.3.2}% 27
\BOOKMARK [1][-]{section.3.3}{Current Reversal Systems}{chapter.3}% 28
\BOOKMARK [2][-]{subsection.3.3.1}{Current and Pressure Density Profiles}{section.3.3}% 29
\BOOKMARK [2][-]{subsection.3.3.2}{Example Configurations}{section.3.3}% 30
\BOOKMARK [0][-]{chapter.4}{Numerical Model Fitting}{}% 31
\BOOKMARK [1][-]{section.4.1}{Non-Linear Optimisation}{chapter.4}% 32
\BOOKMARK [2][-]{subsection.4.1.1}{Least Squares}{section.4.1}% 33
\BOOKMARK [2][-]{subsection.4.1.2}{Optimisation Algorithms}{section.4.1}% 34
\BOOKMARK [1][-]{section.4.2}{GSH Parameter Fitting}{chapter.4}% 35
\BOOKMARK [2][-]{subsection.4.2.1}{Optimisation Function}{section.4.2}% 36
\BOOKMARK [2][-]{subsection.4.2.2}{Parameter Space}{section.4.2}% 37
\BOOKMARK [2][-]{subsection.4.2.3}{Convergence Difficulties}{section.4.2}% 38
\BOOKMARK [1][-]{section.4.3}{Simulated Current Reversals}{chapter.4}% 39
\BOOKMARK [2][-]{subsection.4.3.1}{Method of Reversal}{section.4.3}% 40
\BOOKMARK [2][-]{subsection.4.3.2}{Results and Explanations}{section.4.3}% 41
\BOOKMARK [0][-]{chapter.5}{Comparison with Experiment}{}% 42
\BOOKMARK [1][-]{section.5.1}{ISTTOK}{chapter.5}% 43
\BOOKMARK [2][-]{subsection.5.1.1}{Heavy Ion Beam Diagnostics}{section.5.1}% 44
\BOOKMARK [2][-]{subsection.5.1.2}{Reactor Specification and Data}{section.5.1}% 45
\BOOKMARK [1][-]{section.5.2}{Parameter Fitting}{chapter.5}% 46
\BOOKMARK [2][-]{subsection.5.2.1}{Results}{section.5.2}% 47
\BOOKMARK [0][-]{chapter.6}{Blue Skies and Horizons}{}% 48
\BOOKMARK [1][-]{section.6.1}{Conclusions}{chapter.6}% 49
\BOOKMARK [1][-]{section.6.2}{Further Work}{chapter.6}% 50
\BOOKMARK [2][-]{subsection.6.2.1}{Simulated Electric Field via Fake Solenoids}{section.6.2}% 51
\BOOKMARK [2][-]{subsection.6.2.2}{Comparison with ISTTOK vloop data}{section.6.2}% 52
\BOOKMARK [2][-]{subsection.6.2.3}{Grid Based Initial Parameter Guessing}{section.6.2}% 53
\BOOKMARK [0][-]{appendix.A}{Appendix title goes here}{}% 54
\BOOKMARK [0][-]{appendix.A}{Bibliography}{}% 55
